[2026-03-11T12:24:49.843Z] [Web] [LOG] Running application "main" with appParams:
 {"rootTag":"#root"} 
Development-level warnings: ON.
Performance optimizations: OFF.
[2026-03-11T12:26:56.341Z] [Web] [WARN] Disconnected from Metro (1006: "").

To reconnect:
- Ensure that Metro is running and available on the same network
- Reload this app (will trigger further help if Metro cannot be connected to)
      
[2026-03-11T12:34:04.565Z] [Web] [LOG] Running application "main" with appParams:
 {"rootTag":"#root"} 
Development-level warnings: ON.
Performance optimizations: OFF.
[2026-03-11T12:36:04.979Z] [Web] [WARN] Disconnected from Metro (1006: "").

To reconnect:
- Ensure that Metro is running and available on the same network
- Reload this app (will trigger further help if Metro cannot be connected to)
      
[2026-03-11T12:36:28.619Z] [Web] [LOG] Running application "main" with appParams:
 {"rootTag":"#root"} 
Development-level warnings: ON.
Performance optimizations: OFF.
[2026-03-11T12:43:20.845Z] [Web] [WARN] Disconnected from Metro (1006: "").

To reconnect:
- Ensure that Metro is running and available on the same network
- Reload this app (will trigger further help if Metro cannot be connected to)
      
[2026-03-11T12:46:30.565Z] [Web] [LOG] Running application "main" with appParams:
 {"rootTag":"#root"} 
Development-level warnings: ON.
Performance optimizations: OFF.
[2026-03-11T12:48:36.810Z] [Web] [WARN] Disconnected from Metro (1006: "").

To reconnect:
- Ensure that Metro is running and available on the same network
- Reload this app (will trigger further help if Metro cannot be connected to)
      
[2026-03-11T12:50:36.003Z] [Web] [LOG] Running application "main" with appParams:
 {"rootTag":"#root"} 
Development-level warnings: ON.
Performance optimizations: OFF.
